#
# There is insufficient memory for the Java Runtime Environment to continue.
# Native memory allocation (malloc) failed to allocate 1048576 bytes for AllocateHeap
# Possible reasons:
#   The system is out of physical RAM or swap space
#   The process is running with CompressedOops enabled, and the Java Heap may be blocking the growth of the native heap
# Possible solutions:
#   Reduce memory load on the system
#   Increase physical memory or swap space
#   Check if swap backing store is full
#   Decrease Java heap size (-Xmx/-Xms)
#   Decrease number of Java threads
#   Decrease Java thread stack sizes (-Xss)
#   Set larger code cache with -XX:ReservedCodeCacheSize=
#   JVM is running with Zero Based Compressed Oops mode in which the Java heap is
#     placed in the first 32GB address space. The Java Heap base address is the
#     maximum limit for the native heap growth. Please use -XX:HeapBaseMinAddress
#     to set the Java Heap base and to place the Java Heap above 32GB virtual address.
# This output file may be truncated or incomplete.
#
#  Out of Memory Error (memory/allocation.inline.hpp:61), pid=29596, tid=0x0000000000007d68
#
# JRE version:  (8.0_361) (build )
# Java VM: Java HotSpot(TM) 64-Bit Server VM (25.361-b09 mixed mode windows-amd64 compressed oops)
# Failed to write core dump. Minidumps are not enabled by default on client versions of Windows
#

---------------  T H R E A D  ---------------

Current thread (0x0000022245d30000):  JavaThread "Unknown thread" [_thread_in_vm, id=32104, stack(0x000000556be00000,0x000000556bf00000)]

Stack: [0x000000556be00000,0x000000556bf00000]
Native frames: (J=compiled Java code, j=interpreted, Vv=VM code, C=native code)
V  [jvm.dll+0x3317a9]
V  [jvm.dll+0x277c4e]
V  [jvm.dll+0x27888d]
V  [jvm.dll+0x26f0d5]
V  [jvm.dll+0x509d]
V  [jvm.dll+0x3cca9c]
V  [jvm.dll+0x3c8e07]
V  [jvm.dll+0xfd0df]
V  [jvm.dll+0x20c29b]
V  [jvm.dll+0x23adc7]
V  [jvm.dll+0x1637b6]
C  [java.exe+0x2312]
C  [java.exe+0x15f54]
C  [KERNEL32.DLL+0x17604]
C  [ntdll.dll+0x526a1]


---------------  P R O C E S S  ---------------

Java Threads: ( => current thread )

Other Threads:

=>0x0000022245d30000 (exited) JavaThread "Unknown thread" [_thread_in_vm, id=32104, stack(0x000000556be00000,0x000000556bf00000)]

VM state:not at safepoint (normal execution)

VM Mutex/Monitor currently owned by a thread: None

heap address: 0x00000006c2200000, size: 4062 MB, Compressed Oops mode: Zero based, Oop shift amount: 3
Narrow klass base: 0x0000000000000000, Narrow klass shift: 3
Compressed class space size: 1073741824 Address: 0x00000007c0000000

Heap:
 PSYoungGen      total 75776K, used 1300K [0x000000076b600000, 0x0000000770a80000, 0x00000007c0000000)
  eden space 65024K, 2% used [0x000000076b600000,0x000000076b7451f8,0x000000076f580000)
  from space 10752K, 0% used [0x0000000770000000,0x0000000770000000,0x0000000770a80000)
  to   space 10752K, 0% used [0x000000076f580000,0x000000076f580000,0x0000000770000000)
 ParOldGen       total 173568K, used 0K [0x00000006c2200000, 0x00000006ccb80000, 0x000000076b600000)
  object space 173568K, 0% used [0x00000006c2200000,0x00000006c2200000,0x00000006ccb80000)
 Metaspace       used 775K, capacity 4480K, committed 4480K, reserved 1056768K
  class space    used 76K, capacity 384K, committed 384K, reserved 1048576K

Card table byte_map: [0x0000022256bb0000,0x00000222573a0000] byte_map_base: 0x000002225359f000

Marking Bits: (ParMarkBitMap*) 0x0000000070dab090
 Begin Bits: [0x00000222578f0000, 0x000002225b868000)
 End Bits:   [0x000002225b868000, 0x000002225f7e0000)

Polling page: 0x0000022245f70000

CodeCache: size=245760Kb used=329Kb max_used=329Kb free=245430Kb
 bounds [0x00000222477f0000, 0x0000022247a60000, 0x00000222567f0000]
 total_blobs=58 nmethods=0 adapters=38
 compilation: enabled

Compilation events (0 events):
No events

GC Heap History (0 events):
No events

Deoptimization events (0 events):
No events

Classes redefined (0 events):
No events

Internal exceptions (0 events):
No events

Events (10 events):
Event: 0.024 loading class java/lang/Short
Event: 0.024 loading class java/lang/Short done
Event: 0.024 loading class java/lang/Integer
Event: 0.024 loading class java/lang/Integer done
Event: 0.024 loading class java/lang/Long
Event: 0.024 loading class java/lang/Long done
Event: 0.025 loading class java/lang/NullPointerException
Event: 0.025 loading class java/lang/NullPointerException done
Event: 0.025 loading class java/lang/ArithmeticException
Event: 0.025 loading class java/lang/ArithmeticException done


Dynamic libraries:
0x00007ff6a9110000 - 0x00007ff6a9157000 	C:\Program Files\Java\jdk1.8.0_361\bin\java.exe
0x00007ff808450000 - 0x00007ff808648000 	C:\Windows\SYSTEM32\ntdll.dll
0x00007ff807060000 - 0x00007ff80711f000 	C:\Windows\System32\KERNEL32.DLL
0x00007ff805f20000 - 0x00007ff8061fa000 	C:\Windows\System32\KERNELBASE.dll
0x00007ff807510000 - 0x00007ff8075be000 	C:\Windows\System32\ADVAPI32.dll
0x00007ff8076c0000 - 0x00007ff80775e000 	C:\Windows\System32\msvcrt.dll
0x00007ff8075c0000 - 0x00007ff80765c000 	C:\Windows\System32\sechost.dll
0x00007ff807be0000 - 0x00007ff807d06000 	C:\Windows\System32\RPCRT4.dll
0x00007ff807870000 - 0x00007ff807a0d000 	C:\Windows\System32\USER32.dll
0x00007ff806310000 - 0x00007ff806332000 	C:\Windows\System32\win32u.dll
0x00007ff8074e0000 - 0x00007ff80750b000 	C:\Windows\System32\GDI32.dll
0x00007ff806200000 - 0x00007ff806310000 	C:\Windows\System32\gdi32full.dll
0x00007ff805d50000 - 0x00007ff805ded000 	C:\Windows\System32\msvcp_win.dll
0x00007ff805e20000 - 0x00007ff805f20000 	C:\Windows\System32\ucrtbase.dll
0x00007ffff1d00000 - 0x00007ffff1f9a000 	C:\Windows\WinSxS\amd64_microsoft.windows.common-controls_6595b64144ccf1df_6.0.19041.1110_none_60b5254171f9507e\COMCTL32.dll
0x00007ff807ae0000 - 0x00007ff807b10000 	C:\Windows\System32\IMM32.DLL
0x00007ffff68d0000 - 0x00007ffff68e5000 	C:\Program Files\Java\jdk1.8.0_361\jre\bin\vcruntime140.dll
0x00007fffcf810000 - 0x00007fffcf8ab000 	C:\Program Files\Java\jdk1.8.0_361\jre\bin\msvcp140.dll
0x00000000705c0000 - 0x0000000070e23000 	C:\Program Files\Java\jdk1.8.0_361\jre\bin\server\jvm.dll
0x00007ff808400000 - 0x00007ff808408000 	C:\Windows\System32\PSAPI.DLL
0x00007fffec380000 - 0x00007fffec389000 	C:\Windows\SYSTEM32\WSOCK32.dll
0x00007ffffc510000 - 0x00007ffffc537000 	C:\Windows\SYSTEM32\WINMM.dll
0x00007ffffca60000 - 0x00007ffffca6a000 	C:\Windows\SYSTEM32\VERSION.dll
0x00007ff807d10000 - 0x00007ff807d7b000 	C:\Windows\System32\WS2_32.dll
0x00007ff803a40000 - 0x00007ff803a52000 	C:\Windows\SYSTEM32\kernel.appcore.dll
0x00007ffff72d0000 - 0x00007ffff72e0000 	C:\Program Files\Java\jdk1.8.0_361\jre\bin\verify.dll
0x00007fffef2a0000 - 0x00007fffef2cb000 	C:\Program Files\Java\jdk1.8.0_361\jre\bin\java.dll
0x00007ffff6450000 - 0x00007ffff6468000 	C:\Program Files\Java\jdk1.8.0_361\jre\bin\zip.dll
0x00007ffff9e50000 - 0x00007ffffa034000 	C:\Windows\SYSTEM32\dbghelp.dll
0x00007ff805b60000 - 0x00007ff805be2000 	C:\Windows\System32\bcryptPrimitives.dll

VM Arguments:
jvm_args: -Dfile.encoding=UTF-8 
java_command: project.pkg1.Main
java_class_path (initial): C:\Users\newgt\OneDrive\Documents\NetBeansProjects\Project 1 Final\build\classes
Launcher Type: SUN_STANDARD

Environment Variables:
PATH=C:\Program Files (x86)\Common Files\Oracle\Java\javapath;C:\Program Files\Microsoft\jdk-11.0.12.7-hotspot\bin;C:\Windows\system32;C:\Windows;C:\Windows\System32\Wbem;C:\Windows\System32\WindowsPowerShell\v1.0\;C:\Windows\System32\OpenSSH\;C:\Program Files (x86)\NVIDIA Corporation\PhysX\Common;C:\Program Files\Amazon\AWSCLI\bin\;C:\Program Files\Microsoft SQL Server\Client SDK\ODBC\170\Tools\Binn\;C:\Program Files\Microsoft SQL Server\150\Tools\Binn\;C:\Program Files\dotnet\;C:\Program Files\Git\cmd;C:\Program Files\nodejs\;C:\Python39\Scripts\;C:\Python39\;C:\Users\newgt\AppData\Local\Microsoft\WindowsApps;C:\Users\newgt\AppData\Local\Programs\Microsoft VS Code\bin;C:\Users\newgt\AppData\Local\GitHubDesktop\bin;C:\Users\newgt\.dotnet\tools;C:\Users\newgt\AppData\Roaming\npm
USERNAME=Owner
OS=Windows_NT
PROCESSOR_IDENTIFIER=Intel64 Family 6 Model 165 Stepping 3, GenuineIntel



---------------  S Y S T E M  ---------------

OS: Windows 10 , 64 bit Build 19041 (10.0.19041.2788)

CPU:total 8 (initial active 8) (4 cores per cpu, 2 threads per core) family 6 model 165 stepping 3, cmov, cx8, fxsr, mmx, sse, sse2, sse3, ssse3, sse4.1, sse4.2, popcnt, avx, avx2, aes, clmul, erms, 3dnowpref, lzcnt, ht, tsc, tscinvbit, bmi1, bmi2, adx

Memory: 4k page, physical 16633936k(4654200k free), swap 66965584k(3596k free)

vm_info: Java HotSpot(TM) 64-Bit Server VM (25.361-b09) for windows-amd64 JRE (1.8.0_361-b09), built on Jan  9 2023 08:38:53 by "java_re" with MS VC++ 15.9 (VS2017)

time: Sun Apr 30 19:51:14 2023
timezone: New Zealand Standard Time
elapsed time: 0.047621 seconds (0d 0h 0m 0s)

